go: downloading github.com/ava-labs/avalanchego v1.13.1-rc.0.0.20250414210208-c8b3f57d2a25
go: downloading github.com/consensys/gnark v0.10.0
go: downloading github.com/consensys/gnark-crypto v0.12.2-0.20240215234832-d72fcb379d3e
go: downloading github.com/hdevalence/ed25519consensus v0.2.0
go: downloading github.com/gorilla/rpc v1.2.0
go: downloading github.com/prometheus/client_golang v1.16.0
go: downloading go.uber.org/zap v1.26.0
go: downloading github.com/onsi/ginkgo/v2 v2.13.1
go: downloading github.com/StephenButtolph/canoto v0.15.0
go: downloading go.opentelemetry.io/otel v1.22.0
go: downloading go.opentelemetry.io/otel/trace v1.22.0
go: downloading filippo.io/edwards25519 v1.0.0
go: downloading github.com/blang/semver/v4 v4.0.0
go: downloading golang.org/x/sync v0.11.0
go: downloading github.com/cockroachdb/pebble v0.0.0-20230928194634-aa077af62593
go: downloading golang.org/x/crypto v0.35.0
go: downloading github.com/supranational/blst v0.3.14
go: downloading github.com/beorn7/perks v1.0.1
go: downloading github.com/cespare/xxhash/v2 v2.3.0
go: downloading github.com/prometheus/client_model v0.3.0
go: downloading github.com/prometheus/common v0.42.0
go: downloading github.com/prometheus/procfs v0.10.1
go: downloading google.golang.org/protobuf v1.35.2
go: downloading github.com/bits-and-blooms/bitset v1.10.0
go: downloading golang.org/x/sys v0.30.0
go: downloading golang.org/x/exp v0.0.0-20241215155358-4a5509556b9e
go: downloading go.opentelemetry.io/otel/exporters/otlp/otlptrace v1.22.0
go: downloading go.opentelemetry.io/otel/exporters/otlp/otlptrace/otlptracegrpc v1.22.0
go: downloading go.opentelemetry.io/otel/exporters/otlp/otlptrace/otlptracehttp v1.22.0
go: downloading go.opentelemetry.io/otel/sdk v1.22.0
go: downloading golang.org/x/term v0.29.0
go: downloading gopkg.in/natefinch/lumberjack.v2 v2.0.0
go: downloading github.com/google/renameio/v2 v2.0.0
go: downloading github.com/gorilla/websocket v1.5.0
go: downloading github.com/stretchr/testify v1.10.0
go: downloading github.com/fxamacker/cbor/v2 v2.5.0
go: downloading github.com/rs/zerolog v1.30.0
go: downloading github.com/neilotoole/errgroup v0.1.6
go: downloading github.com/google/pprof v0.0.0-20230817174616-7a8ec2ada47b
go: downloading google.golang.org/grpc v1.66.0
go: downloading go.uber.org/atomic v1.11.0
go: downloading github.com/golang/protobuf v1.5.4
go: downloading go.uber.org/multierr v1.11.0
go: downloading github.com/mr-tron/base58 v1.2.0
go: downloading github.com/matttproud/golang_protobuf_extensions v1.0.4
go: downloading gonum.org/v1/gonum v0.11.0
go: downloading go.opentelemetry.io/proto/otlp v1.0.0
go: downloading google.golang.org/genproto/googleapis/rpc v0.0.0-20240827150818-7e3bb234dfed
go: downloading github.com/google/btree v1.1.2
go: downloading github.com/x448/float16 v0.8.4
go: downloading github.com/davecgh/go-spew v1.1.1
go: downloading github.com/pmezard/go-difflib v1.0.0
go: downloading github.com/consensys/bavard v0.1.13
go: downloading github.com/mattn/go-colorable v0.1.13
go: downloading github.com/DataDog/zstd v1.5.2
go: downloading github.com/go-logr/logr v1.4.1
go: downloading github.com/go-logr/stdr v1.2.2
go: downloading go.opentelemetry.io/otel/metric v1.22.0
go: downloading github.com/cenkalti/backoff/v4 v4.2.1
go: downloading github.com/grpc-ecosystem/grpc-gateway/v2 v2.16.0
go: downloading gopkg.in/yaml.v3 v3.0.1
go: downloading github.com/mmcloughlin/addchain v0.4.0
go: downloading rsc.io/tmplfunc v0.0.3
go: downloading github.com/mattn/go-isatty v0.0.19
go: downloading github.com/cockroachdb/errors v1.9.1
go: downloading github.com/cockroachdb/redact v1.1.3
go: downloading github.com/cockroachdb/tokenbucket v0.0.0-20230807174530-cc333fc44b06
go: downloading github.com/pkg/errors v0.9.1
go: downloading github.com/golang/snappy v0.0.5-0.20220116011046-fa5810519dcb
go: downloading github.com/gogo/protobuf v1.3.2
go: downloading github.com/getsentry/sentry-go v0.18.0
go: downloading github.com/cockroachdb/logtags v0.0.0-20230118201751-21c54148d20b
go: downloading github.com/kr/pretty v0.3.1
go: downloading github.com/kr/text v0.2.0
go: downloading github.com/rogpeppe/go-internal v1.12.0
go: downloading google.golang.org/genproto/googleapis/api v0.0.0-20240604185151-ef581f913117
go: downloading golang.org/x/net v0.36.0
go: downloading golang.org/x/text v0.22.0
