Node URL: http://127.0.0.1:9660
Chain ID: gbbsaboFf5jzM721wnMf82ZvZqF64a5i3xhPg4m6vhXeKmgbc (gbbsaboFf5...hXeKmgbc)
Chain discovery: vm-id
Runner: docker
Docker image: veilvm-zkbench-evidence:local (reused)
Docker server: 29.2.0
zkbench exec: prebuilt binary (/workspace/examples/veilvm/.cache/evidence-zkbench/bin/veilvm-zkbench-linux-amd64)
Bundle dir: C:\Users\Josh\hypersdk\examples\veilvm\evidence-bundles\20260219-200952-launch-gate-evidence
Generating backup private key for takeover drill...
Backup key generated: aad4280a20...3346422d
Running shielded smoke...
Running synthetic negative...
Running malformed-proof drill...
Running timeout drill attempt (timeout-drill-b8)...
Running timeout drill attempt (timeout-drill-b32)...
Running backup takeover drill (primary prover rejection)...
Running backup takeover drill (backup prover recovery)...

Bundle JSON: C:\Users\Josh\hypersdk\examples\veilvm\evidence-bundles\20260219-200952-launch-gate-evidence\bundle.json
Bundle MD:   C:\Users\Josh\hypersdk\examples\veilvm\evidence-bundles\20260219-200952-launch-gate-evidence\bundle.md
Verdict:     FAIL
